攒机助手专业版4.6.0.0
2014/7/21 22:34:52
新增 机箱, 金河田2061B+3008大风,280,280,36 
新增 机箱, 金河田3201B+355电源中等机箱,250,250,36 
新增 机箱, 金河田8519/3285/3209+355电源,240,240,36 
新增 机箱, 金河田8208+3008劲霸大风,270,270,36 
新增 机箱, 金河田8219+3008劲霸大风,300,300,36 
新增 机箱, 金河田精钢战士7622  游戏机箱空箱,240,240,36 
新增 机箱, 金河田侠客6805空箱  游戏机箱,200,200,36 
新增 机箱, 金河田SMART3+劲霸360宽幅,230,230,36 
新增 机箱, 酷迈V9/V10/250/200  空箱,120,120,36 
新增 机箱, 普易达130               空箱,125,125,36 
新增 机箱, 普易达E308              空箱,135,135,36 
新增 机箱, 先马奇迹3/突袭者/绝影6/Y32  空箱,190,190,36 
新增 机箱, 先马刺客1前置USB3.0  空箱,230,230,36 
新增 机箱, 先马/A31/破坏神         空箱,160,160,36 
新增 机箱, 先马夜鹰5/夜鹰2        空箱,360,360,36 
新增 机箱, 金河田南京H330         音 箱,150,150,36 
新增 机箱, 金河田悦尔S1时尚       音箱,160,160,36 
新增 机箱, 金河田悦尔S100灰木纹  音箱,235,235,36 
新增 机箱, 金河田悦尔S300       音箱,280,280,36 
新增 机箱, 金河田2061B+3008大风,280,280,36 
新增 机箱, 金河田3201B+355电源中等机箱,250,250,36 
新增 机箱, 金河田8519/3285/3209+355电源,240,240,36 
新增 机箱, 金河田8208+3008劲霸大风,270,270,36 
新增 机箱, 金河田8219+3008劲霸大风,300,300,36 
新增 机箱, 金河田精钢战士7622  游戏机箱空箱,240,240,36 
新增 机箱, 金河田侠客6805空箱  游戏机箱,200,200,36 
新增 机箱, 金河田SMART3+劲霸360宽幅,230,230,36 
新增 机箱, 酷迈V9/V10/250/200  空箱,120,120,36 
新增 机箱, 普易达130               空箱,125,125,36 
新增 机箱, 普易达E308              空箱,135,135,36 
新增 机箱, 先马奇迹3/突袭者/绝影6/Y32  空箱,190,190,36 
新增 机箱, 先马刺客1前置USB3.0  空箱,230,230,36 
新增 机箱, 先马/A31/破坏神         空箱,160,160,36 
新增 机箱, 先马夜鹰5/夜鹰2        空箱,360,360,36 
新增 机箱, 金河田南京H330         音 箱,150,150,36 
新增 机箱, 金河田悦尔S1时尚       音箱,160,160,36 
新增 机箱, 金河田悦尔S100灰木纹  音箱,235,235,36 
新增 机箱, 金河田悦尔S300       音箱,280,280,36 
新增 机箱, 金河田2061B+3008大风,280,280,36 
新增 机箱, 金河田3201B+355电源中等机箱,250,250,36 
新增 机箱, 金河田8519/3285/3209+355电源,240,240,36 
新增 机箱, 金河田8208+3008劲霸大风,270,270,36 
新增 机箱, 金河田8219+3008劲霸大风,300,300,36 
新增 机箱, 金河田精钢战士7622  游戏机箱空箱,240,240,36 
新增 机箱, 金河田侠客6805空箱  游戏机箱,200,200,36 
新增 机箱, 金河田SMART3+劲霸360宽幅,230,230,36 
新增 机箱, 酷迈V9/V10/250/200  空箱,120,120,36 
新增 机箱, 普易达130               空箱,125,125,36 
新增 机箱, 普易达E308              空箱,135,135,36 
新增 机箱, 先马奇迹3/突袭者/绝影6/Y32  空箱,190,190,36 
新增 机箱, 先马刺客1前置USB3.0  空箱,230,230,36 
新增 机箱, 先马/A31/破坏神         空箱,160,160,36 
新增 机箱, 先马夜鹰5/夜鹰2        空箱,360,360,36 
新增 机箱, 金河田南京H330         音 箱,150,150,36 
新增 机箱, 金河田悦尔S1时尚       音箱,160,160,36 
新增 机箱, 金河田悦尔S100灰木纹  音箱,235,235,36 
新增 机箱, 金河田悦尔S300       音箱,280,280,36 

